0 info it worked if it ends with ok
1 verbose cli [ 'C:\\Program Files\\nodejs\\node.exe',
1 verbose cli   'C:\\Program Files\\nodejs\\node_modules\\npm\\bin\\npm-cli.js',
1 verbose cli   'run',
1 verbose cli   'gh' ]
2 info using npm@3.6.0
3 info using node@v5.7.0
4 verbose run-script [ 'pregh', 'gh', 'postgh' ]
5 info lifecycle presentetion-buildboard@1.0.0~pregh: presentetion-buildboard@1.0.0
6 silly lifecycle presentetion-buildboard@1.0.0~pregh: no script for pregh, continuing
7 info lifecycle presentetion-buildboard@1.0.0~gh: presentetion-buildboard@1.0.0
8 verbose lifecycle presentetion-buildboard@1.0.0~gh: unsafe-perm in lifecycle true
9 verbose lifecycle presentetion-buildboard@1.0.0~gh: PATH: C:\Program Files\nodejs\node_modules\npm\bin\node-gyp-bin;D:\temp\presentetion-buildboard\node_modules\.bin;C:\Program Files (x86)\MSBuild\14.0\Bin\;C:\Program Files\Java\jdk1.7.0_67\bin\;C:\Program Files (x86)\Intel\iCLS Client\;C:\Program Files\Intel\iCLS Client\;C:\Windows\system32;C:\Windows;C:\Windows\System32\Wbem;C:\Windows\System32\WindowsPowerShell\v1.0\;C:\Program Files (x86)\Microsoft SQL Server\100\Tools\Binn\;C:\Program Files\Microsoft SQL Server\100\Tools\Binn\;C:\Program Files\Microsoft SQL Server\100\DTS\Binn\;C:\Program Files (x86)\Microsoft SQL Server\100\Tools\Binn\VSShell\Common7\IDE\;C:\Program Files (x86)\Microsoft SQL Server\100\DTS\Binn\;C:\Program Files (x86)\Intel\OpenCL SDK\1.5\bin\x86;C:\Program Files (x86)\Intel\OpenCL SDK\1.5\bin\x64;C:\Program Files\Intel\Intel(R) Management Engine Components\DAL;C:\Program Files\Intel\Intel(R) Management Engine Components\IPT;C:\Program Files (x86)\Intel\Intel(R) Management Engine Components\DAL;C:\Program Files (x86)\Intel\Intel(R) Management Engine Components\IPT;c:\Windows\Microsoft.NET\Framework64\v4.0.30319\;d:\php\;%HOME%;C:\Program Files (x86)\Heroku\bin;C:\Program Files\git\bin;C:\Program Files (x86)\Lua\5.1;C:\Program Files (x86)\Lua\5.1\clibs;C:\Program Files (x86)\Microsoft ASP.NET\ASP.NET Web Pages\v1.0\;C:\Program Files\Microsoft SQL Server\110\Tools\Binn\;d:\play-2.2.1\;d:\mongodb\bin\;C:\Program Files\Microsoft\Web Platform Installer\;C:\Program Files\Perforce;C:\Program Files\TortoiseSVN\bin;c:\Python27\;C:\Program Files (x86)\scala\bin;C:\Program Files (x86)\sbt\\bin;%USERPROFILE%\.dnx\bin;C:\Program Files\Microsoft DNX\Dnvm\;C:\Users\krivlenia\AppData\Roaming\npm;C:\Program Files (x86)\GitExtensions\;C:\Program Files (x86)\Skype\Phone\;C:\Program Files\nodejs\;C:\Users\krivlenia\.dnx\runtimes\dnx-clr-win-x86.1.0.0-beta6\bin;C:\Users\krivlenia\.dnx\bin;C:\Ruby21-x64\bin;c:\Program Files\Sublime Text 3\;c:\Python34\;C:\Users\krivlenia\AppData\Local\Code\bin;C:\Users\krivlenia\AppData\Local\.meteor\;C:\Users\krivlenia\AppData\Local\atom\bin;C:\Program Files\Docker Toolbox;C:\Users\krivlenia\AppData\Roaming\npm
10 verbose lifecycle presentetion-buildboard@1.0.0~gh: CWD: D:\temp\presentetion-buildboard
11 silly lifecycle presentetion-buildboard@1.0.0~gh: Args: [ '/d /s /c', 'grunt publish' ]
12 silly lifecycle presentetion-buildboard@1.0.0~gh: Returned: code: 3  signal: null
13 info lifecycle presentetion-buildboard@1.0.0~gh: Failed to exec gh script
14 verbose stack Error: presentetion-buildboard@1.0.0 gh: `grunt publish`
14 verbose stack Exit status 3
14 verbose stack     at EventEmitter.<anonymous> (C:\Program Files\nodejs\node_modules\npm\lib\utils\lifecycle.js:232:16)
14 verbose stack     at emitTwo (events.js:100:13)
14 verbose stack     at EventEmitter.emit (events.js:185:7)
14 verbose stack     at ChildProcess.<anonymous> (C:\Program Files\nodejs\node_modules\npm\lib\utils\spawn.js:24:14)
14 verbose stack     at emitTwo (events.js:100:13)
14 verbose stack     at ChildProcess.emit (events.js:185:7)
14 verbose stack     at maybeClose (internal/child_process.js:827:16)
14 verbose stack     at Process.ChildProcess._handle.onexit (internal/child_process.js:211:5)
15 verbose pkgid presentetion-buildboard@1.0.0
16 verbose cwd D:\temp\presentetion-buildboard
17 error Windows_NT 6.1.7601
18 error argv "C:\\Program Files\\nodejs\\node.exe" "C:\\Program Files\\nodejs\\node_modules\\npm\\bin\\npm-cli.js" "run" "gh"
19 error node v5.7.0
20 error npm  v3.6.0
21 error code ELIFECYCLE
22 error presentetion-buildboard@1.0.0 gh: `grunt publish`
22 error Exit status 3
23 error Failed at the presentetion-buildboard@1.0.0 gh script 'grunt publish'.
23 error Make sure you have the latest version of node.js and npm installed.
23 error If you do, this is most likely a problem with the presentetion-buildboard package,
23 error not with npm itself.
23 error Tell the author that this fails on your system:
23 error     grunt publish
23 error You can get information on how to open an issue for this project with:
23 error     npm bugs presentetion-buildboard
23 error Or if that isn't available, you can get their info via:
23 error     npm owner ls presentetion-buildboard
23 error There is likely additional logging output above.
24 verbose exit [ 1, true ]
